<?xml version="1.0" encoding="UTF-8"?>
<!-- Generated by org.testng.reporters.JUnitReportReporter -->
<testsuite name="com.ubs.test.ExcelTest" tests="7" time="0.139" ignored="0" failures="0" timestamp="13 May 2018 16:02:00 GMT" skipped="0" hostname="Rahul" errors="0">
  <testcase name="test1" time="0.038" classname="com.ubs.test.ExcelTest"/>
  <testcase name="test1" time="0.019" classname="com.ubs.test.ExcelTest"/>
  <testcase name="test1" time="0.008" classname="com.ubs.test.ExcelTest"/>
  <testcase name="test1" time="0.021" classname="com.ubs.test.ExcelTest"/>
  <testcase name="test1" time="0.025" classname="com.ubs.test.ExcelTest"/>
  <testcase name="test1" time="0.019" classname="com.ubs.test.ExcelTest"/>
  <testcase name="test1" time="0.009" classname="com.ubs.test.ExcelTest"/>
</testsuite> <!-- com.ubs.test.ExcelTest -->
