<?xml version="1.0" encoding="UTF-8"?>
<!-- Generated by org.testng.reporters.JUnitReportReporter -->
<testsuite name="com.ubs.test.ExcelTest" tests="1" time="0.032" ignored="0" failures="0" timestamp="13 May 2018 15:43:29 GMT" skipped="0" hostname="Rahul" errors="0">
  <testcase name="test1" time="0.032" classname="com.ubs.test.ExcelTest"/>
</testsuite> <!-- com.ubs.test.ExcelTest -->
